0 verbose cli D:\NODEJS\node.exe D:\NODEJS\node_modules\npm\bin\npm-cli.js
1 info using npm@10.9.2
2 info using node@v22.14.0
3 silly config load:file:D:\NODEJS\node_modules\npm\npmrc
4 silly config load:file:E:\大二下\参考前端\education-management-system\.npmrc
5 silly config load:file:C:\Users\lenovo\.npmrc
6 silly config load:file:D:\NODEJS\node_global\etc\npmrc
7 verbose title npm install react-is
8 verbose argv "install" "react-is" "--legacy-peer-deps"
9 verbose logfile logs-max:10 dir:E:\大二下\参考前端\education-management-system\.npm-cache\_logs\2025-06-29T12_41_12_086Z-
10 verbose logfile E:\大二下\参考前端\education-management-system\.npm-cache\_logs\2025-06-29T12_41_12_086Z-debug-0.log
11 silly logfile start cleaning logs, removing 1 files
12 silly packumentCache heap:4345298944 maxSize:1086324736 maxEntrySize:543162368
13 silly logfile done cleaning log files
14 silly idealTree buildDeps
15 silly fetch manifest react-is@*
16 silly packumentCache full:https://registry.npmmirror.com/react-is cache-miss
17 http cache https://registry.npmmirror.com/react-is 58ms (cache hit)
18 silly packumentCache full:https://registry.npmmirror.com/react-is set size:4412238 disposed:false
19 silly placeDep ROOT react-is@19.1.0 OK for: my-v0-project@0.1.0 want: *
20 silly reify moves {}
21 silly audit bulk request {
21 silly audit   '@alloc/quick-lru': [ '5.2.0' ],
21 silly audit   '@date-fns/tz': [ '1.2.0' ],
21 silly audit   '@emnapi/runtime': [ '1.4.3' ],
21 silly audit   '@floating-ui/core': [ '1.7.2' ],
21 silly audit   '@floating-ui/dom': [ '1.7.2' ],
21 silly audit   '@floating-ui/react-dom': [ '2.1.4' ],
21 silly audit   '@floating-ui/utils': [ '0.2.10' ],
21 silly audit   '@hookform/resolvers': [ '3.10.0' ],
21 silly audit   '@img/sharp-darwin-arm64': [ '0.33.5' ],
21 silly audit   '@img/sharp-darwin-x64': [ '0.33.5' ],
21 silly audit   '@img/sharp-libvips-darwin-arm64': [ '1.0.4' ],
21 silly audit   '@img/sharp-libvips-darwin-x64': [ '1.0.4' ],
21 silly audit   '@img/sharp-libvips-linux-arm': [ '1.0.5' ],
21 silly audit   '@img/sharp-libvips-linux-arm64': [ '1.0.4' ],
21 silly audit   '@img/sharp-libvips-linux-s390x': [ '1.0.4' ],
21 silly audit   '@img/sharp-libvips-linux-x64': [ '1.0.4' ],
21 silly audit   '@img/sharp-libvips-linuxmusl-arm64': [ '1.0.4' ],
21 silly audit   '@img/sharp-libvips-linuxmusl-x64': [ '1.0.4' ],
21 silly audit   '@img/sharp-linux-arm': [ '0.33.5' ],
21 silly audit   '@img/sharp-linux-arm64': [ '0.33.5' ],
21 silly audit   '@img/sharp-linux-s390x': [ '0.33.5' ],
21 silly audit   '@img/sharp-linux-x64': [ '0.33.5' ],
21 silly audit   '@img/sharp-linuxmusl-arm64': [ '0.33.5' ],
21 silly audit   '@img/sharp-linuxmusl-x64': [ '0.33.5' ],
21 silly audit   '@img/sharp-wasm32': [ '0.33.5' ],
21 silly audit   '@img/sharp-win32-ia32': [ '0.33.5' ],
21 silly audit   '@img/sharp-win32-x64': [ '0.33.5' ],
21 silly audit   '@isaacs/cliui': [ '8.0.2' ],
21 silly audit   '@jridgewell/gen-mapping': [ '0.3.8' ],
21 silly audit   '@jridgewell/resolve-uri': [ '3.1.2' ],
21 silly audit   '@jridgewell/set-array': [ '1.2.1' ],
21 silly audit   '@jridgewell/sourcemap-codec': [ '1.5.0' ],
21 silly audit   '@jridgewell/trace-mapping': [ '0.3.25' ],
21 silly audit   '@next/env': [ '15.2.4' ],
21 silly audit   '@next/swc-darwin-arm64': [ '15.2.4' ],
21 silly audit   '@next/swc-darwin-x64': [ '15.2.4' ],
21 silly audit   '@next/swc-linux-arm64-gnu': [ '15.2.4' ],
21 silly audit   '@next/swc-linux-arm64-musl': [ '15.2.4' ],
21 silly audit   '@next/swc-linux-x64-gnu': [ '15.2.4' ],
21 silly audit   '@next/swc-linux-x64-musl': [ '15.2.4' ],
21 silly audit   '@next/swc-win32-arm64-msvc': [ '15.2.4' ],
21 silly audit   '@next/swc-win32-x64-msvc': [ '15.2.4' ],
21 silly audit   '@nodelib/fs.scandir': [ '2.1.5' ],
21 silly audit   '@nodelib/fs.stat': [ '2.0.5' ],
21 silly audit   '@nodelib/fs.walk': [ '1.2.8' ],
21 silly audit   '@pkgjs/parseargs': [ '0.11.0' ],
21 silly audit   '@radix-ui/number': [ '1.1.0' ],
21 silly audit   '@radix-ui/primitive': [ '1.1.1' ],
21 silly audit   '@radix-ui/react-accordion': [ '1.2.2' ],
21 silly audit   '@radix-ui/react-alert-dialog': [ '1.1.4' ],
21 silly audit   '@radix-ui/react-arrow': [ '1.1.1' ],
21 silly audit   '@radix-ui/react-aspect-ratio': [ '1.1.1' ],
21 silly audit   '@radix-ui/react-avatar': [ '1.1.2' ],
21 silly audit   '@radix-ui/react-checkbox': [ '1.1.3' ],
21 silly audit   '@radix-ui/react-collapsible': [ '1.1.2' ],
21 silly audit   '@radix-ui/react-collection': [ '1.1.1' ],
21 silly audit   '@radix-ui/react-compose-refs': [ '1.1.1' ],
21 silly audit   '@radix-ui/react-context': [ '1.1.1' ],
21 silly audit   '@radix-ui/react-context-menu': [ '2.2.4' ],
21 silly audit   '@radix-ui/react-dialog': [ '1.1.4' ],
21 silly audit   '@radix-ui/react-direction': [ '1.1.0' ],
21 silly audit   '@radix-ui/react-dismissable-layer': [ '1.1.3' ],
21 silly audit   '@radix-ui/react-dropdown-menu': [ '2.1.4' ],
21 silly audit   '@radix-ui/react-focus-guards': [ '1.1.1' ],
21 silly audit   '@radix-ui/react-focus-scope': [ '1.1.1' ],
21 silly audit   '@radix-ui/react-hover-card': [ '1.1.4' ],
21 silly audit   '@radix-ui/react-id': [ '1.1.0' ],
21 silly audit   '@radix-ui/react-label': [ '2.1.1' ],
21 silly audit   '@radix-ui/react-menu': [ '2.1.4' ],
21 silly audit   '@radix-ui/react-menubar': [ '1.1.4' ],
21 silly audit   '@radix-ui/react-navigation-menu': [ '1.2.3' ],
21 silly audit   '@radix-ui/react-popover': [ '1.1.4' ],
21 silly audit   '@radix-ui/react-popper': [ '1.2.1' ],
21 silly audit   '@radix-ui/react-portal': [ '1.1.3' ],
21 silly audit   '@radix-ui/react-presence': [ '1.1.2' ],
21 silly audit   '@radix-ui/react-primitive': [ '2.0.1' ],
21 silly audit   '@radix-ui/react-progress': [ '1.1.1' ],
21 silly audit   '@radix-ui/react-radio-group': [ '1.2.2' ],
21 silly audit   '@radix-ui/react-roving-focus': [ '1.1.1' ],
21 silly audit   '@radix-ui/react-scroll-area': [ '1.2.2' ],
21 silly audit   '@radix-ui/react-select': [ '2.1.4' ],
21 silly audit   '@radix-ui/react-separator': [ '1.1.1' ],
21 silly audit   '@radix-ui/react-slider': [ '1.2.2' ],
21 silly audit   '@radix-ui/react-slot': [ '1.1.1' ],
21 silly audit   '@radix-ui/react-switch': [ '1.1.2' ],
21 silly audit   '@radix-ui/react-tabs': [ '1.1.2' ],
21 silly audit   '@radix-ui/react-toast': [ '1.2.4' ],
21 silly audit   '@radix-ui/react-toggle': [ '1.1.1' ],
21 silly audit   '@radix-ui/react-toggle-group': [ '1.1.1' ],
21 silly audit   '@radix-ui/react-tooltip': [ '1.1.6' ],
21 silly audit   '@radix-ui/react-use-callback-ref': [ '1.1.0' ],
21 silly audit   '@radix-ui/react-use-controllable-state': [ '1.1.0' ],
21 silly audit   '@radix-ui/react-use-escape-keydown': [ '1.1.0' ],
21 silly audit   '@radix-ui/react-use-layout-effect': [ '1.1.0' ],
21 silly audit   '@radix-ui/react-use-previous': [ '1.1.0' ],
21 silly audit   '@radix-ui/react-use-rect': [ '1.1.0' ],
21 silly audit   '@radix-ui/react-use-size': [ '1.1.0' ],
21 silly audit   '@radix-ui/react-visually-hidden': [ '1.1.1' ],
21 silly audit   '@radix-ui/rect': [ '1.1.0' ],
21 silly audit   '@reduxjs/toolkit': [ '2.8.2' ],
21 silly audit   '@standard-schema/spec': [ '1.0.0' ],
21 silly audit   '@standard-schema/utils': [ '0.3.0' ],
21 silly audit   '@swc/counter': [ '0.1.3' ],
21 silly audit   '@swc/helpers': [ '0.5.15' ],
21 silly audit   '@types/d3-array': [ '3.2.1' ],
21 silly audit   '@types/d3-color': [ '3.1.3' ],
21 silly audit   '@types/d3-ease': [ '3.0.2' ],
21 silly audit   '@types/d3-interpolate': [ '3.0.4' ],
21 silly audit   '@types/d3-path': [ '3.1.1' ],
21 silly audit   '@types/d3-scale': [ '4.0.9' ],
21 silly audit   '@types/d3-shape': [ '3.1.7' ],
21 silly audit   '@types/d3-time': [ '3.0.4' ],
21 silly audit   '@types/d3-timer': [ '3.0.2' ],
21 silly audit   '@types/node': [ '22.15.34' ],
21 silly audit   '@types/react': [ '19.1.8' ],
21 silly audit   '@types/react-dom': [ '19.1.6' ],
21 silly audit   '@types/use-sync-external-store': [ '0.0.6' ],
21 silly audit   'ansi-regex': [ '6.1.0', '5.0.1' ],
21 silly audit   'ansi-styles': [ '6.2.1', '4.3.0' ],
21 silly audit   'any-promise': [ '1.3.0' ],
21 silly audit   anymatch: [ '3.1.3' ],
21 silly audit   arg: [ '5.0.2' ],
21 silly audit   'aria-hidden': [ '1.2.6' ],
21 silly audit   autoprefixer: [ '10.4.21' ],
21 silly audit   'balanced-match': [ '1.0.2' ],
21 silly audit   'binary-extensions': [ '2.3.0' ],
21 silly audit   'brace-expansion': [ '2.0.2' ],
21 silly audit   braces: [ '3.0.3' ],
21 silly audit   browserslist: [ '4.25.1' ],
21 silly audit   busboy: [ '1.6.0' ],
21 silly audit   'camelcase-css': [ '2.0.1' ],
21 silly audit   'caniuse-lite': [ '1.0.30001726' ],
21 silly audit   chokidar: [ '3.6.0' ],
21 silly audit   'glob-parent': [ '5.1.2', '6.0.2' ],
21 silly audit   'class-variance-authority': [ '0.7.1' ],
21 silly audit   'client-only': [ '0.0.1' ],
21 silly audit   clsx: [ '2.1.1' ],
21 silly audit   cmdk: [ '1.0.4' ],
21 silly audit   color: [ '4.2.3' ],
21 silly audit   'color-convert': [ '2.0.1' ],
21 silly audit   'color-name': [ '1.1.4' ],
21 silly audit   'color-string': [ '1.9.1' ],
21 silly audit   commander: [ '4.1.1' ],
21 silly audit   'cross-spawn': [ '7.0.6' ],
21 silly audit   cssesc: [ '3.0.0' ],
21 silly audit   csstype: [ '3.1.3' ],
21 silly audit   'd3-array': [ '3.2.4' ],
21 silly audit   'd3-color': [ '3.1.0' ],
21 silly audit   'd3-ease': [ '3.0.1' ],
21 silly audit   'd3-format': [ '3.1.0' ],
21 silly audit   'd3-interpolate': [ '3.0.1' ],
21 silly audit   'd3-path': [ '3.1.0' ],
21 silly audit   'd3-scale': [ '4.0.2' ],
21 silly audit   'd3-shape': [ '3.2.0' ],
21 silly audit   'd3-time': [ '3.1.0' ],
21 silly audit   'd3-time-format': [ '4.1.0' ],
21 silly audit   'd3-timer': [ '3.0.1' ],
21 silly audit   'date-fns': [ '4.1.0' ],
21 silly audit   'date-fns-jalali': [ '4.1.0-0' ],
21 silly audit   'decimal.js-light': [ '2.5.1' ],
21 silly audit   'detect-libc': [ '2.0.4' ],
21 silly audit   'detect-node-es': [ '1.1.0' ],
21 silly audit   didyoumean: [ '1.2.2' ],
21 silly audit   dlv: [ '1.1.3' ],
21 silly audit   eastasianwidth: [ '0.2.0' ],
21 silly audit   'electron-to-chromium': [ '1.5.177' ],
21 silly audit   'embla-carousel': [ '8.5.1' ],
21 silly audit   'embla-carousel-react': [ '8.5.1' ],
21 silly audit   'embla-carousel-reactive-utils': [ '8.5.1' ],
21 silly audit   'emoji-regex': [ '9.2.2', '8.0.0' ],
21 silly audit   'es-toolkit': [ '1.39.5' ],
21 silly audit   escalade: [ '3.2.0' ],
21 silly audit   eventemitter3: [ '5.0.1' ],
21 silly audit   'fast-glob': [ '3.3.3' ],
21 silly audit   fastq: [ '1.19.1' ],
21 silly audit   'fill-range': [ '7.1.1' ],
21 silly audit   'foreground-child': [ '3.3.1' ],
21 silly audit   'fraction.js': [ '4.3.7' ],
21 silly audit   fsevents: [ '2.3.3' ],
21 silly audit   'function-bind': [ '1.1.2' ],
21 silly audit   'get-nonce': [ '1.0.1' ],
21 silly audit   glob: [ '10.4.5' ],
21 silly audit   hasown: [ '2.0.2' ],
21 silly audit   immer: [ '10.1.1' ],
21 silly audit   'input-otp': [ '1.4.1' ],
21 silly audit   internmap: [ '2.0.3' ],
21 silly audit   'is-arrayish': [ '0.3.2' ],
21 silly audit   'is-binary-path': [ '2.1.0' ],
21 silly audit   'is-core-module': [ '2.16.1' ],
21 silly audit   'is-extglob': [ '2.1.1' ],
21 silly audit   'is-fullwidth-code-point': [ '3.0.0' ],
21 silly audit   'is-glob': [ '4.0.3' ],
21 silly audit   'is-number': [ '7.0.0' ],
21 silly audit   isexe: [ '2.0.0' ],
21 silly audit   jackspeak: [ '3.4.3' ],
21 silly audit   jiti: [ '1.21.7' ],
21 silly audit   lilconfig: [ '3.1.3' ],
21 silly audit   'lines-and-columns': [ '1.2.4' ],
21 silly audit   'lru-cache': [ '10.4.3' ],
21 silly audit   'lucide-react': [ '0.454.0' ],
21 silly audit   merge2: [ '1.4.1' ],
21 silly audit   micromatch: [ '4.0.8' ],
21 silly audit   minimatch: [ '9.0.5' ],
21 silly audit   minipass: [ '7.1.2' ],
21 silly audit   mz: [ '2.7.0' ],
21 silly audit   nanoid: [ '3.3.11' ],
21 silly audit   next: [ '15.2.4' ],
21 silly audit   'next-themes': [ '0.4.6' ],
21 silly audit   postcss: [ '8.4.31', '8.5.6' ],
21 silly audit   'node-releases': [ '2.0.19' ],
21 silly audit   'normalize-path': [ '3.0.0' ],
21 silly audit   'normalize-range': [ '0.1.2' ],
21 silly audit   'object-assign': [ '4.1.1' ],
21 silly audit   'object-hash': [ '3.0.0' ],
21 silly audit   'package-json-from-dist': [ '1.0.1' ],
21 silly audit   'path-key': [ '3.1.1' ],
21 silly audit   'path-parse': [ '1.0.7' ],
21 silly audit   'path-scurry': [ '1.11.1' ],
21 silly audit   picocolors: [ '1.1.1' ],
21 silly audit   picomatch: [ '2.3.1' ],
21 silly audit   pify: [ '2.3.0' ],
21 silly audit   pirates: [ '4.0.7' ],
21 silly audit   'postcss-import': [ '15.1.0' ],
21 silly audit   'postcss-js': [ '4.0.1' ],
21 silly audit   'postcss-load-config': [ '4.0.2' ],
21 silly audit   'postcss-nested': [ '6.2.0' ],
21 silly audit   'postcss-selector-parser': [ '6.1.2' ],
21 silly audit   'postcss-value-parser': [ '4.2.0' ],
21 silly audit   'queue-microtask': [ '1.2.3' ],
21 silly audit   react: [ '19.1.0' ],
21 silly audit   'react-day-picker': [ '9.7.0' ],
21 silly audit   'react-dom': [ '19.1.0' ],
21 silly audit   'react-hook-form': [ '7.59.0' ],
21 silly audit   'react-redux': [ '9.2.0' ],
21 silly audit   'react-remove-scroll': [ '2.7.1' ],
21 silly audit   'react-remove-scroll-bar': [ '2.3.8' ],
21 silly audit   'react-resizable-panels': [ '2.1.9' ],
21 silly audit   'react-style-singleton': [ '2.2.3' ],
21 silly audit   'read-cache': [ '1.0.0' ],
21 silly audit   readdirp: [ '3.6.0' ],
21 silly audit   recharts: [ '3.0.2' ],
21 silly audit   redux: [ '5.0.1' ],
21 silly audit   'redux-thunk': [ '3.1.0' ],
21 silly audit   reselect: [ '5.1.1' ],
21 silly audit   resolve: [ '1.22.10' ],
21 silly audit   reusify: [ '1.1.0' ],
21 silly audit   'run-parallel': [ '1.2.0' ],
21 silly audit   scheduler: [ '0.26.0' ],
21 silly audit   semver: [ '7.7.2' ],
21 silly audit   sharp: [ '0.33.5' ],
21 silly audit   'shebang-command': [ '2.0.0' ],
21 silly audit   'shebang-regex': [ '3.0.0' ],
21 silly audit   'signal-exit': [ '4.1.0' ],
21 silly audit   'simple-swizzle': [ '0.2.2' ],
21 silly audit   sonner: [ '1.7.4' ],
21 silly audit   'source-map-js': [ '1.2.1' ],
21 silly audit   streamsearch: [ '1.1.0' ],
21 silly audit   'string-width': [ '5.1.2', '4.2.3' ],
21 silly audit   'strip-ansi': [ '6.0.1', '7.1.0' ],
21 silly audit   'styled-jsx': [ '5.1.6' ],
21 silly audit   sucrase: [ '3.35.0' ],
21 silly audit   'supports-preserve-symlinks-flag': [ '1.0.0' ],
21 silly audit   'tailwind-merge': [ '2.6.0' ],
21 silly audit   tailwindcss: [ '3.4.17' ],
21 silly audit   'tailwindcss-animate': [ '1.0.7' ],
21 silly audit   thenify: [ '3.3.1' ],
21 silly audit   'thenify-all': [ '1.6.0' ],
21 silly audit   'tiny-invariant': [ '1.3.3' ],
21 silly audit   'to-regex-range': [ '5.0.1' ],
21 silly audit   'ts-interface-checker': [ '0.1.13' ],
21 silly audit   tslib: [ '2.8.1' ],
21 silly audit   typescript: [ '5.8.3' ],
21 silly audit   'undici-types': [ '6.21.0' ],
21 silly audit   'update-browserslist-db': [ '1.1.3' ],
21 silly audit   'use-callback-ref': [ '1.3.3' ],
21 silly audit   'use-sidecar': [ '1.1.3' ],
21 silly audit   'use-sync-external-store': [ '1.5.0' ],
21 silly audit   'util-deprecate': [ '1.0.2' ],
21 silly audit   vaul: [ '0.9.9' ],
21 silly audit   'victory-vendor': [ '37.3.6' ],
21 silly audit   which: [ '2.0.2' ],
21 silly audit   'wrap-ansi': [ '8.1.0', '7.0.0' ],
21 silly audit   yaml: [ '2.8.0' ],
21 silly audit   zod: [ '3.25.67' ],
21 silly audit   'react-is': [ '19.1.0' ]
21 silly audit }
22 verbose reify failed optional dependency E:\大二下\参考前端\education-management-system\node_modules\fsevents
23 silly reify mark deleted [
23 silly reify   'E:\\大二下\\参考前端\\education-management-system\\node_modules\\fsevents'
23 silly reify ]
24 verbose reify failed optional dependency E:\大二下\参考前端\education-management-system\node_modules\@next\swc-win32-arm64-msvc
25 silly reify mark deleted [
25 silly reify   'E:\\大二下\\参考前端\\education-management-system\\node_modules\\@next\\swc-win32-arm64-msvc'
25 silly reify ]
26 verbose reify failed optional dependency E:\大二下\参考前端\education-management-system\node_modules\@next\swc-linux-x64-musl
27 silly reify mark deleted [
27 silly reify   'E:\\大二下\\参考前端\\education-management-system\\node_modules\\@next\\swc-linux-x64-musl'
27 silly reify ]
28 verbose reify failed optional dependency E:\大二下\参考前端\education-management-system\node_modules\@next\swc-linux-x64-gnu
29 silly reify mark deleted [
29 silly reify   'E:\\大二下\\参考前端\\education-management-system\\node_modules\\@next\\swc-linux-x64-gnu'
29 silly reify ]
30 verbose reify failed optional dependency E:\大二下\参考前端\education-management-system\node_modules\@next\swc-linux-arm64-musl
31 silly reify mark deleted [
31 silly reify   'E:\\大二下\\参考前端\\education-management-system\\node_modules\\@next\\swc-linux-arm64-musl'
31 silly reify ]
32 verbose reify failed optional dependency E:\大二下\参考前端\education-management-system\node_modules\@next\swc-linux-arm64-gnu
33 silly reify mark deleted [
33 silly reify   'E:\\大二下\\参考前端\\education-management-system\\node_modules\\@next\\swc-linux-arm64-gnu'
33 silly reify ]
34 verbose reify failed optional dependency E:\大二下\参考前端\education-management-system\node_modules\@next\swc-darwin-x64
35 silly reify mark deleted [
35 silly reify   'E:\\大二下\\参考前端\\education-management-system\\node_modules\\@next\\swc-darwin-x64'
35 silly reify ]
36 verbose reify failed optional dependency E:\大二下\参考前端\education-management-system\node_modules\@next\swc-darwin-arm64
37 silly reify mark deleted [
37 silly reify   'E:\\大二下\\参考前端\\education-management-system\\node_modules\\@next\\swc-darwin-arm64'
37 silly reify ]
38 verbose reify failed optional dependency E:\大二下\参考前端\education-management-system\node_modules\@img\sharp-win32-ia32
39 silly reify mark deleted [
39 silly reify   'E:\\大二下\\参考前端\\education-management-system\\node_modules\\@img\\sharp-win32-ia32'
39 silly reify ]
40 verbose reify failed optional dependency E:\大二下\参考前端\education-management-system\node_modules\@img\sharp-wasm32
41 silly reify mark deleted [
41 silly reify   'E:\\大二下\\参考前端\\education-management-system\\node_modules\\@img\\sharp-wasm32'
41 silly reify ]
42 verbose reify failed optional dependency E:\大二下\参考前端\education-management-system\node_modules\@emnapi\runtime
43 silly reify mark deleted [
43 silly reify   'E:\\大二下\\参考前端\\education-management-system\\node_modules\\@emnapi\\runtime'
43 silly reify ]
44 verbose reify failed optional dependency E:\大二下\参考前端\education-management-system\node_modules\@img\sharp-linuxmusl-x64
45 silly reify mark deleted [
45 silly reify   'E:\\大二下\\参考前端\\education-management-system\\node_modules\\@img\\sharp-linuxmusl-x64'
45 silly reify ]
46 verbose reify failed optional dependency E:\大二下\参考前端\education-management-system\node_modules\@img\sharp-linuxmusl-arm64
47 silly reify mark deleted [
47 silly reify   'E:\\大二下\\参考前端\\education-management-system\\node_modules\\@img\\sharp-linuxmusl-arm64'
47 silly reify ]
48 verbose reify failed optional dependency E:\大二下\参考前端\education-management-system\node_modules\@img\sharp-linux-x64
49 silly reify mark deleted [
49 silly reify   'E:\\大二下\\参考前端\\education-management-system\\node_modules\\@img\\sharp-linux-x64'
49 silly reify ]
50 verbose reify failed optional dependency E:\大二下\参考前端\education-management-system\node_modules\@img\sharp-linux-s390x
51 silly reify mark deleted [
51 silly reify   'E:\\大二下\\参考前端\\education-management-system\\node_modules\\@img\\sharp-linux-s390x'
51 silly reify ]
52 verbose reify failed optional dependency E:\大二下\参考前端\education-management-system\node_modules\@img\sharp-linux-arm64
53 silly reify mark deleted [
53 silly reify   'E:\\大二下\\参考前端\\education-management-system\\node_modules\\@img\\sharp-linux-arm64'
53 silly reify ]
54 verbose reify failed optional dependency E:\大二下\参考前端\education-management-system\node_modules\@img\sharp-linux-arm
55 silly reify mark deleted [
55 silly reify   'E:\\大二下\\参考前端\\education-management-system\\node_modules\\@img\\sharp-linux-arm'
55 silly reify ]
56 verbose reify failed optional dependency E:\大二下\参考前端\education-management-system\node_modules\@img\sharp-libvips-linuxmusl-x64
57 silly reify mark deleted [
57 silly reify   'E:\\大二下\\参考前端\\education-management-system\\node_modules\\@img\\sharp-libvips-linuxmusl-x64'
57 silly reify ]
58 verbose reify failed optional dependency E:\大二下\参考前端\education-management-system\node_modules\@img\sharp-libvips-linuxmusl-arm64
59 silly reify mark deleted [
59 silly reify   'E:\\大二下\\参考前端\\education-management-system\\node_modules\\@img\\sharp-libvips-linuxmusl-arm64'
59 silly reify ]
60 verbose reify failed optional dependency E:\大二下\参考前端\education-management-system\node_modules\@img\sharp-libvips-linux-x64
61 silly reify mark deleted [
61 silly reify   'E:\\大二下\\参考前端\\education-management-system\\node_modules\\@img\\sharp-libvips-linux-x64'
61 silly reify ]
62 verbose reify failed optional dependency E:\大二下\参考前端\education-management-system\node_modules\@img\sharp-libvips-linux-s390x
63 silly reify mark deleted [
63 silly reify   'E:\\大二下\\参考前端\\education-management-system\\node_modules\\@img\\sharp-libvips-linux-s390x'
63 silly reify ]
64 verbose reify failed optional dependency E:\大二下\参考前端\education-management-system\node_modules\@img\sharp-libvips-linux-arm64
65 silly reify mark deleted [
65 silly reify   'E:\\大二下\\参考前端\\education-management-system\\node_modules\\@img\\sharp-libvips-linux-arm64'
65 silly reify ]
66 verbose reify failed optional dependency E:\大二下\参考前端\education-management-system\node_modules\@img\sharp-libvips-linux-arm
67 silly reify mark deleted [
67 silly reify   'E:\\大二下\\参考前端\\education-management-system\\node_modules\\@img\\sharp-libvips-linux-arm'
67 silly reify ]
68 verbose reify failed optional dependency E:\大二下\参考前端\education-management-system\node_modules\@img\sharp-libvips-darwin-x64
69 silly reify mark deleted [
69 silly reify   'E:\\大二下\\参考前端\\education-management-system\\node_modules\\@img\\sharp-libvips-darwin-x64'
69 silly reify ]
70 verbose reify failed optional dependency E:\大二下\参考前端\education-management-system\node_modules\@img\sharp-libvips-darwin-arm64
71 silly reify mark deleted [
71 silly reify   'E:\\大二下\\参考前端\\education-management-system\\node_modules\\@img\\sharp-libvips-darwin-arm64'
71 silly reify ]
72 verbose reify failed optional dependency E:\大二下\参考前端\education-management-system\node_modules\@img\sharp-darwin-x64
73 silly reify mark deleted [
73 silly reify   'E:\\大二下\\参考前端\\education-management-system\\node_modules\\@img\\sharp-darwin-x64'
73 silly reify ]
74 verbose reify failed optional dependency E:\大二下\参考前端\education-management-system\node_modules\@img\sharp-darwin-arm64
75 silly reify mark deleted [
75 silly reify   'E:\\大二下\\参考前端\\education-management-system\\node_modules\\@img\\sharp-darwin-arm64'
75 silly reify ]
76 http cache react-is@https://registry.npmmirror.com/react-is/-/react-is-19.1.0.tgz 0ms (cache hit)
77 http cache sharp@https://registry.npmmirror.com/sharp/-/sharp-0.33.5.tgz 0ms (cache hit)
78 http cache simple-swizzle@https://registry.npmmirror.com/simple-swizzle/-/simple-swizzle-0.2.2.tgz 0ms (cache hit)
79 http cache is-arrayish@https://registry.npmmirror.com/is-arrayish/-/is-arrayish-0.3.2.tgz 0ms (cache hit)
80 http cache semver@https://registry.npmmirror.com/semver/-/semver-7.7.2.tgz 0ms (cache hit)
81 http cache color-string@https://registry.npmmirror.com/color-string/-/color-string-1.9.1.tgz 0ms (cache hit)
82 http cache detect-libc@https://registry.npmmirror.com/detect-libc/-/detect-libc-2.0.4.tgz 0ms (cache hit)
83 silly tarball no local data for react-is@https://registry.npmmirror.com/react-is/-/react-is-19.1.0.tgz. Extracting by manifest.
84 http cache color@https://registry.npmmirror.com/color/-/color-4.2.3.tgz 0ms (cache hit)
85 http cache @emnapi/runtime@https://registry.npmmirror.com/@emnapi/runtime/-/runtime-1.4.3.tgz 0ms (cache hit)
86 http fetch POST 404 https://registry.npmmirror.com/-/npm/v1/security/advisories/bulk 117ms
87 silly audit bulk request failed [object Object]
88 http fetch POST 404 https://registry.npmmirror.com/-/npm/v1/security/audits/quick 9ms
89 verbose audit error HttpErrorGeneral: 404 Not Found - POST https://registry.npmmirror.com/-/npm/v1/security/audits/quick - [NOT_IMPLEMENTED] /-/npm/v1/security/* not implemented yet
89 verbose audit error     at D:\NODEJS\node_modules\npm\node_modules\npm-registry-fetch\lib\check-response.js:103:15
89 verbose audit error     at process.processTicksAndRejections (node:internal/process/task_queues:105:5)
89 verbose audit error     at async [getReport] (D:\NODEJS\node_modules\npm\node_modules\@npmcli\arborist\lib\audit-report.js:336:21)
89 verbose audit error     at async AuditReport.run (D:\NODEJS\node_modules\npm\node_modules\@npmcli\arborist\lib\audit-report.js:106:19) {
89 verbose audit error   headers: [Object: null prototype] {
89 verbose audit error     server: [ 'Tengine' ],
89 verbose audit error     date: [ 'Sun, 29 Jun 2025 12:41:12 GMT' ],
89 verbose audit error     'content-type': [ 'application/json' ],
89 verbose audit error     'transfer-encoding': [ 'chunked' ],
89 verbose audit error     connection: [ 'keep-alive' ],
89 verbose audit error     'strict-transport-security': [ 'max-age=5184000' ],
89 verbose audit error     via: [ 'kunlun8.cn6339[,404666]' ],
89 verbose audit error     'timing-allow-origin': [ '*' ],
89 verbose audit error     eagleid: [ '76700a1c17512008727657301e' ],
89 verbose audit error     'x-fetch-attempts': [ '1' ]
89 verbose audit error   },
89 verbose audit error   statusCode: 404,
89 verbose audit error   code: 'E404',
89 verbose audit error   method: 'POST',
89 verbose audit error   uri: 'https://registry.npmmirror.com/-/npm/v1/security/audits/quick',
89 verbose audit error   body: {
89 verbose audit error     error: '[NOT_IMPLEMENTED] /-/npm/v1/security/* not implemented yet'
89 verbose audit error   },
89 verbose audit error   pkgid: undefined
89 verbose audit error }
90 silly audit error [object Object]
91 silly audit report null
92 http fetch GET 200 https://cdn.npmmirror.com/packages/react-is/19.1.0/react-is-19.1.0.tgz 286ms (cache miss)
93 info run sharp@0.33.5 install node_modules/sharp node install/check
94 info run sharp@0.33.5 install { code: 1, signal: null }
95 verbose reify failed optional dependency E:\大二下\参考前端\education-management-system\node_modules\sharp
96 silly reify mark deleted [ 'E:\\大二下\\参考前端\\education-management-system\\node_modules\\sharp' ]
97 verbose reify failed optional dependency E:\大二下\参考前端\education-management-system\node_modules\color
98 silly reify mark deleted [ 'E:\\大二下\\参考前端\\education-management-system\\node_modules\\color' ]
99 verbose reify failed optional dependency E:\大二下\参考前端\education-management-system\node_modules\detect-libc
100 silly reify mark deleted [
100 silly reify   'E:\\大二下\\参考前端\\education-management-system\\node_modules\\detect-libc'
100 silly reify ]
101 verbose reify failed optional dependency E:\大二下\参考前端\education-management-system\node_modules\semver
102 silly reify mark deleted [
102 silly reify   'E:\\大二下\\参考前端\\education-management-system\\node_modules\\semver',
102 silly reify   'E:\\大二下\\参考前端\\education-management-system\\node_modules\\.bin\\semver',
102 silly reify   'E:\\大二下\\参考前端\\education-management-system\\node_modules\\.bin\\semver.cmd',
102 silly reify   'E:\\大二下\\参考前端\\education-management-system\\node_modules\\.bin\\semver.ps1'
102 silly reify ]
103 verbose reify failed optional dependency E:\大二下\参考前端\education-management-system\node_modules\color-string
104 silly reify mark deleted [
104 silly reify   'E:\\大二下\\参考前端\\education-management-system\\node_modules\\color-string'
104 silly reify ]
105 verbose reify failed optional dependency E:\大二下\参考前端\education-management-system\node_modules\simple-swizzle
106 silly reify mark deleted [
106 silly reify   'E:\\大二下\\参考前端\\education-management-system\\node_modules\\simple-swizzle'
106 silly reify ]
107 verbose reify failed optional dependency E:\大二下\参考前端\education-management-system\node_modules\is-arrayish
108 silly reify mark deleted [
108 silly reify   'E:\\大二下\\参考前端\\education-management-system\\node_modules\\is-arrayish'
108 silly reify ]
109 silly ADD node_modules/react-is
110 silly ADD
111 silly ADD
112 silly ADD
113 silly ADD
114 silly ADD
115 silly ADD
116 silly ADD
117 silly ADD
118 silly ADD
119 silly ADD
120 silly ADD
121 silly ADD
122 silly ADD
123 silly ADD
124 silly ADD
125 silly ADD
126 silly ADD
127 silly ADD
128 silly ADD
129 silly ADD
130 silly ADD
131 silly ADD
132 silly ADD
133 silly ADD
134 silly ADD
135 silly ADD
136 silly ADD
137 silly ADD
138 silly ADD
139 silly ADD
140 silly ADD
141 silly ADD
142 silly ADD
143 silly ADD
144 verbose cwd E:\大二下\参考前端\education-management-system
145 verbose os Windows_NT 10.0.26100
146 verbose node v22.14.0
147 verbose npm  v10.9.2
148 verbose exit 0
149 info ok
